<ThreadID>11</ThreadID>
<ClassName>CentralLogger.LogThread</ClassName>
<MethodName>run</MethodName>
<Date>Tue May 28 00:56:06 IDT 2019</Date>
<Severity>SEVERE</Severity<Message>java.lang.Exception: There was a problem logging user: a Off.
	at Client.ClientLogOffThread.run(ClientLogOffThread.java:31)
	at GUI.Friends.FriendsFrame.windowClosing(FriendsFrame.java:63)
	at java.awt.Window.processWindowEvent(Unknown Source)
	at javax.swing.JFrame.processWindowEvent(Unknown Source)
	at java.awt.Window.processEvent(Unknown Source)
	at java.awt.Component.dispatchEventImpl(Unknown Source)
	at java.awt.Container.dispatchEventImpl(Unknown Source)
	at java.awt.Window.dispatchEventImpl(Unknown Source)
	at java.awt.Component.dispatchEvent(Unknown Source)
	at java.awt.EventQueue.dispatchEventImpl(Unknown Source)
	at java.awt.EventQueue.access$500(Unknown Source)
	at java.awt.EventQueue$3.run(Unknown Source)
	at java.awt.EventQueue$3.run(Unknown Source)
	at java.security.AccessController.doPrivileged(Native Method)
	at java.security.ProtectionDomain$JavaSecurityAccessImpl.doIntersectionPrivilege(Unknown Source)
	at java.security.ProtectionDomain$JavaSecurityAccessImpl.doIntersectionPrivilege(Unknown Source)
	at java.awt.EventQueue$4.run(Unknown Source)
	at java.awt.EventQueue$4.run(Unknown Source)
	at java.security.AccessController.doPrivileged(Native Method)
	at java.security.ProtectionDomain$JavaSecurityAccessImpl.doIntersectionPrivilege(Unknown Source)
	at java.awt.EventQueue.dispatchEvent(Unknown Source)
	at java.awt.EventDispatchThread.pumpOneEventForFilters(Unknown Source)
	at java.awt.EventDispatchThread.pumpEventsForFilter(Unknown Source)
	at java.awt.EventDispatchThread.pumpEventsForHierarchy(Unknown Source)
	at java.awt.EventDispatchThread.pumpEvents(Unknown Source)
	at java.awt.EventDispatchThread.pumpEvents(Unknown Source)
	at java.awt.EventDispatchThread.run(Unknown Source)
</Message>
<ThreadID>11</ThreadID>
<ClassName>CentralLogger.LogThread</ClassName>
<MethodName>run</MethodName>
<Date>Tue May 28 00:58:30 IDT 2019</Date>
<Severity>SEVERE</Severity<Message>java.lang.Exception: There was a problem logging user: a Off.
	at Client.ClientLogOffThread.run(ClientLogOffThread.java:31)
	at GUI.Friends.FriendsFrame.windowClosing(FriendsFrame.java:63)
	at java.awt.Window.processWindowEvent(Unknown Source)
	at javax.swing.JFrame.processWindowEvent(Unknown Source)
	at java.awt.Window.processEvent(Unknown Source)
	at java.awt.Component.dispatchEventImpl(Unknown Source)
	at java.awt.Container.dispatchEventImpl(Unknown Source)
	at java.awt.Window.dispatchEventImpl(Unknown Source)
	at java.awt.Component.dispatchEvent(Unknown Source)
	at java.awt.EventQueue.dispatchEventImpl(Unknown Source)
	at java.awt.EventQueue.access$500(Unknown Source)
	at java.awt.EventQueue$3.run(Unknown Source)
	at java.awt.EventQueue$3.run(Unknown Source)
	at java.security.AccessController.doPrivileged(Native Method)
	at java.security.ProtectionDomain$JavaSecurityAccessImpl.doIntersectionPrivilege(Unknown Source)
	at java.security.ProtectionDomain$JavaSecurityAccessImpl.doIntersectionPrivilege(Unknown Source)
	at java.awt.EventQueue$4.run(Unknown Source)
	at java.awt.EventQueue$4.run(Unknown Source)
	at java.security.AccessController.doPrivileged(Native Method)
	at java.security.ProtectionDomain$JavaSecurityAccessImpl.doIntersectionPrivilege(Unknown Source)
	at java.awt.EventQueue.dispatchEvent(Unknown Source)
	at java.awt.EventDispatchThread.pumpOneEventForFilters(Unknown Source)
	at java.awt.EventDispatchThread.pumpEventsForFilter(Unknown Source)
	at java.awt.EventDispatchThread.pumpEventsForHierarchy(Unknown Source)
	at java.awt.EventDispatchThread.pumpEvents(Unknown Source)
	at java.awt.EventDispatchThread.pumpEvents(Unknown Source)
	at java.awt.EventDispatchThread.run(Unknown Source)
</Message>
<ThreadID>11</ThreadID>
<ClassName>CentralLogger.LogThread</ClassName>
<MethodName>run</MethodName>
<Date>Tue May 28 02:27:28 IDT 2019</Date>
<Severity>SEVERE</Severity<Message>java.lang.NullPointerException
	at Server.Server.run(Server.java:31)
	at java.lang.Thread.run(Unknown Source)
</Message>
<ThreadID>11</ThreadID>
<ClassName>CentralLogger.LogThread</ClassName>
<MethodName>run</MethodName>
<Date>Tue May 28 02:43:03 IDT 2019</Date>
<Severity>SEVERE</Severity<Message>java.lang.NullPointerException
	at GUI.FriendsRequest.InRequestspanel.updateFriendsInRequests(InRequestspanel.java:71)
	at Client.ClientGetInFriendRequestsThread.run(ClientGetInFriendRequestsThread.java:38)
	at GUI.FriendsRequest.InRequestspanel.<init>(InRequestspanel.java:32)
	at GUI.FriendsRequest.FriendsRequestPanel.<init>(FriendsRequestPanel.java:18)
	at GUI.FriendsRequest.FriendsRequestWindow.<init>(FriendsRequestWindow.java:20)
	at GUI.Friends.FriendsToolBar.actionPerformed(FriendsToolBar.java:154)
	at javax.swing.AbstractButton.fireActionPerformed(Unknown Source)
	at javax.swing.AbstractButton$Handler.actionPerformed(Unknown Source)
	at javax.swing.DefaultButtonModel.fireActionPerformed(Unknown Source)
	at javax.swing.DefaultButtonModel.setPressed(Unknown Source)
	at javax.swing.AbstractButton.doClick(Unknown Source)
	at javax.swing.plaf.basic.BasicMenuItemUI.doClick(Unknown Source)
	at javax.swing.plaf.basic.BasicMenuItemUI$Handler.mouseReleased(Unknown Source)
	at java.awt.Component.processMouseEvent(Unknown Source)
	at javax.swing.JComponent.processMouseEvent(Unknown Source)
	at java.awt.Component.processEvent(Unknown Source)
	at java.awt.Container.processEvent(Unknown Source)
	at java.awt.Component.dispatchEventImpl(Unknown Source)
	at java.awt.Container.dispatchEventImpl(Unknown Source)
	at java.awt.Component.dispatchEvent(Unknown Source)
	at java.awt.LightweightDispatcher.retargetMouseEvent(Unknown Source)
	at java.awt.LightweightDispatcher.processMouseEvent(Unknown Source)
	at java.awt.LightweightDispatcher.dispatchEvent(Unknown Source)
	at java.awt.Container.dispatchEventImpl(Unknown Source)
	at java.awt.Window.dispatchEventImpl(Unknown Source)
	at java.awt.Component.dispatchEvent(Unknown Source)
	at java.awt.EventQueue.dispatchEventImpl(Unknown Source)
	at java.awt.EventQueue.access$500(Unknown Source)
	at java.awt.EventQueue$3.run(Unknown Source)
	at java.awt.EventQueue$3.run(Unknown Source)
	at java.security.AccessController.doPrivileged(Native Method)
	at java.security.ProtectionDomain$JavaSecurityAccessImpl.doIntersectionPrivilege(Unknown Source)
	at java.security.ProtectionDomain$JavaSecurityAccessImpl.doIntersectionPrivilege(Unknown Source)
	at java.awt.EventQueue$4.run(Unknown Source)
	at java.awt.EventQueue$4.run(Unknown Source)
	at java.security.AccessController.doPrivileged(Native Method)
	at java.security.ProtectionDomain$JavaSecurityAccessImpl.doIntersectionPrivilege(Unknown Source)
	at java.awt.EventQueue.dispatchEvent(Unknown Source)
	at java.awt.EventDispatchThread.pumpOneEventForFilters(Unknown Source)
	at java.awt.EventDispatchThread.pumpEventsForFilter(Unknown Source)
	at java.awt.EventDispatchThread.pumpEventsForHierarchy(Unknown Source)
	at java.awt.EventDispatchThread.pumpEvents(Unknown Source)
	at java.awt.EventDispatchThread.pumpEvents(Unknown Source)
	at java.awt.EventDispatchThread.run(Unknown Source)
</Message>
<ThreadID>11</ThreadID>
<ClassName>CentralLogger.LogThread</ClassName>
<MethodName>run</MethodName>
<Date>Tue May 28 02:44:37 IDT 2019</Date>
<Severity>SEVERE</Severity<Message>java.lang.NullPointerException
	at GUI.FriendsRequest.InRequestspanel.updateFriendsInRequests(InRequestspanel.java:71)
	at Client.ClientGetInFriendRequestsThread.run(ClientGetInFriendRequestsThread.java:38)
	at GUI.FriendsRequest.InRequestspanel.<init>(InRequestspanel.java:32)
	at GUI.FriendsRequest.FriendsRequestPanel.<init>(FriendsRequestPanel.java:18)
	at GUI.FriendsRequest.FriendsRequestWindow.<init>(FriendsRequestWindow.java:20)
	at GUI.Friends.FriendsToolBar.actionPerformed(FriendsToolBar.java:154)
	at javax.swing.AbstractButton.fireActionPerformed(Unknown Source)
	at javax.swing.AbstractButton$Handler.actionPerformed(Unknown Source)
	at javax.swing.DefaultButtonModel.fireActionPerformed(Unknown Source)
	at javax.swing.DefaultButtonModel.setPressed(Unknown Source)
	at javax.swing.AbstractButton.doClick(Unknown Source)
	at javax.swing.plaf.basic.BasicMenuItemUI.doClick(Unknown Source)
	at javax.swing.plaf.basic.BasicMenuItemUI$Handler.mouseReleased(Unknown Source)
	at java.awt.Component.processMouseEvent(Unknown Source)
	at javax.swing.JComponent.processMouseEvent(Unknown Source)
	at java.awt.Component.processEvent(Unknown Source)
	at java.awt.Container.processEvent(Unknown Source)
	at java.awt.Component.dispatchEventImpl(Unknown Source)
	at java.awt.Container.dispatchEventImpl(Unknown Source)
	at java.awt.Component.dispatchEvent(Unknown Source)
	at java.awt.LightweightDispatcher.retargetMouseEvent(Unknown Source)
	at java.awt.LightweightDispatcher.processMouseEvent(Unknown Source)
	at java.awt.LightweightDispatcher.dispatchEvent(Unknown Source)
	at java.awt.Container.dispatchEventImpl(Unknown Source)
	at java.awt.Window.dispatchEventImpl(Unknown Source)
	at java.awt.Component.dispatchEvent(Unknown Source)
	at java.awt.EventQueue.dispatchEventImpl(Unknown Source)
	at java.awt.EventQueue.access$500(Unknown Source)
	at java.awt.EventQueue$3.run(Unknown Source)
	at java.awt.EventQueue$3.run(Unknown Source)
	at java.security.AccessController.doPrivileged(Native Method)
	at java.security.ProtectionDomain$JavaSecurityAccessImpl.doIntersectionPrivilege(Unknown Source)
	at java.security.ProtectionDomain$JavaSecurityAccessImpl.doIntersectionPrivilege(Unknown Source)
	at java.awt.EventQueue$4.run(Unknown Source)
	at java.awt.EventQueue$4.run(Unknown Source)
	at java.security.AccessController.doPrivileged(Native Method)
	at java.security.ProtectionDomain$JavaSecurityAccessImpl.doIntersectionPrivilege(Unknown Source)
	at java.awt.EventQueue.dispatchEvent(Unknown Source)
	at java.awt.EventDispatchThread.pumpOneEventForFilters(Unknown Source)
	at java.awt.EventDispatchThread.pumpEventsForFilter(Unknown Source)
	at java.awt.EventDispatchThread.pumpEventsForHierarchy(Unknown Source)
	at java.awt.EventDispatchThread.pumpEvents(Unknown Source)
	at java.awt.EventDispatchThread.pumpEvents(Unknown Source)
	at java.awt.EventDispatchThread.run(Unknown Source)
</Message>
<ThreadID>11</ThreadID>
<ClassName>CentralLogger.LogThread</ClassName>
<MethodName>run</MethodName>
<Date>Tue May 28 03:57:54 IDT 2019</Date>
<Severity>SEVERE</Severity<Message>java.lang.NullPointerException
	at Server.Server.run(Server.java:31)
	at java.lang.Thread.run(Unknown Source)
</Message>
<ThreadID>11</ThreadID>
<ClassName>CentralLogger.LogThread</ClassName>
<MethodName>run</MethodName>
<Date>Tue May 28 04:54:24 IDT 2019</Date>
<Severity>SEVERE</Severity<Message>java.io.EOFException
	at java.io.ObjectInputStream$BlockDataInputStream.peekByte(Unknown Source)
	at java.io.ObjectInputStream.readObject0(Unknown Source)
	at java.io.ObjectInputStream.readObject(Unknown Source)
	at Server.ServerDeclineFriendRequestsThread.run(ServerDeclineFriendRequestsThread.java:28)
	at Server.ClientThread.run(ClientThread.java:81)
</Message>
